[debug] ----------------------------------------------------------------------
[debug] Command:      /usr/local/bin/node /usr/local/bin/firebase serve
[debug] CLI Version:  3.0.7
[debug] Platform:     darwin
[debug] Node Version: v4.5.0
[debug] Time:         Sat Aug 27 2016 15:24:14 GMT+1000 (AEST)
[debug] ----------------------------------------------------------------------
[debug] 
[info] Starting Firebase development server...
[info] 
[info] Project Directory: /Users/Quoc/Desktop/travel-bug-site
[debug] TypeError: Cannot read property 'public' of undefined
    at Server.<anonymous> (/usr/local/lib/node_modules/firebase-tools/commands/serve.js:26:15)
    at Server.g (events.js:260:16)
    at emitNone (events.js:67:13)
    at Server.emit (events.js:166:7)
    at emitListeningNT (net.js:1276:10)
    at nextTickCallbackWith1Arg (node.js:431:9)
    at process._tickCallback (node.js:353:17)
[error] 
[error] Error: An unexpected error has occurred.
